2019-01-08 13:02:24,146 ERROR [main] - Statistics - Statistics file `C:\Users\M1049314\.scalaide\statistics` is corrupted. A new one is being created. Corrupted content was:

com.cedarsoftware.util.io.JsonIoException: error parsing JSON value
	at com.cedarsoftware.util.io.JsonReader.readObject(JsonReader.java:529)
	at com.cedarsoftware.util.io.JsonReader.jsonToJava(JsonReader.java:289)
	at com.cedarsoftware.util.io.JsonReader.jsonToJava(JsonReader.java:262)
	at org.scalaide.core.internal.statistics.Statistics.read(Statistics.scala:74)
	at org.scalaide.core.internal.statistics.Statistics.$anonfun$readStats$1(Statistics.scala:52)
	at org.scalaide.core.internal.statistics.Statistics.$anonfun$readStats$1$adapted(Statistics.scala:51)
	at org.scalaide.core.ScalaIdeDataStore$.$anonfun$validate$2(ScalaIdeDataStore.scala:59)
	at org.scalaide.util.eclipse.EclipseUtils$$anon$3.run(EclipseUtils.scala:230)
	at org.eclipse.core.runtime.SafeRunner.run(SafeRunner.java:42)
	at org.scalaide.util.eclipse.EclipseUtils$.withSafeRunner(EclipseUtils.scala:226)
	at org.scalaide.core.ScalaIdeDataStore$.validate(ScalaIdeDataStore.scala:59)
	at org.scalaide.core.internal.statistics.Statistics.readStats(Statistics.scala:51)
	at org.scalaide.core.internal.statistics.Statistics.<init>(Statistics.scala:30)
	at org.scalaide.core.internal.ScalaPlugin.stats$lzycompute(ScalaPlugin.scala:135)
	at org.scalaide.core.internal.ScalaPlugin.stats(ScalaPlugin.scala:135)
	at org.scalaide.core.internal.ScalaPlugin.statistics(ScalaPlugin.scala:138)
	at org.scalaide.core.internal.ScalaPlugin.start(ScalaPlugin.scala:109)
	at org.eclipse.osgi.internal.framework.BundleContextImpl$3.run(BundleContextImpl.java:779)
	at org.eclipse.osgi.internal.framework.BundleContextImpl$3.run(BundleContextImpl.java:1)
	at java.security.AccessController.doPrivileged(Native Method)
	at org.eclipse.osgi.internal.framework.BundleContextImpl.startActivator(BundleContextImpl.java:772)
	at org.eclipse.osgi.internal.framework.BundleContextImpl.start(BundleContextImpl.java:729)
	at org.eclipse.osgi.internal.framework.EquinoxBundle.startWorker0(EquinoxBundle.java:1002)
	at org.eclipse.osgi.internal.framework.EquinoxBundle$EquinoxModule.startWorker(EquinoxBundle.java:354)
	at org.eclipse.osgi.container.Module.doStart(Module.java:581)
	at org.eclipse.osgi.container.Module.start(Module.java:449)
	at org.eclipse.osgi.framework.util.SecureAction.start(SecureAction.java:468)
	at org.eclipse.osgi.internal.hooks.EclipseLazyStarter.postFindLocalClass(EclipseLazyStarter.java:114)
	at org.eclipse.osgi.internal.loader.classpath.ClasspathManager.findLocalClass(ClasspathManager.java:505)
	at org.eclipse.osgi.internal.loader.ModuleClassLoader.findLocalClass(ModuleClassLoader.java:328)
	at org.eclipse.osgi.internal.loader.BundleLoader.findLocalClass(BundleLoader.java:392)
	at org.eclipse.osgi.internal.loader.BundleLoader.findClassInternal(BundleLoader.java:470)
	at org.eclipse.osgi.internal.loader.BundleLoader.findClass(BundleLoader.java:419)
	at org.eclipse.osgi.internal.loader.BundleLoader.findClass(BundleLoader.java:411)
	at org.eclipse.osgi.internal.loader.ModuleClassLoader.loadClass(ModuleClassLoader.java:150)
	at java.lang.ClassLoader.loadClass(Unknown Source)
	at org.eclipse.osgi.internal.framework.EquinoxBundle.loadClass(EquinoxBundle.java:609)
	at org.eclipse.core.internal.registry.osgi.RegistryStrategyOSGI.createExecutableExtension(RegistryStrategyOSGI.java:177)
	at org.eclipse.core.internal.registry.ExtensionRegistry.createExecutableExtension(ExtensionRegistry.java:931)
	at org.eclipse.core.internal.registry.ConfigurationElement.createExecutableExtension(ConfigurationElement.java:243)
	at org.eclipse.core.internal.registry.ConfigurationElementHandle.createExecutableExtension(ConfigurationElementHandle.java:60)
	at org.eclipse.jdt.internal.ui.filters.FilterDescriptor$1.run(FilterDescriptor.java:135)
	at org.eclipse.core.runtime.SafeRunner.run(SafeRunner.java:42)
	at org.eclipse.jdt.internal.ui.filters.FilterDescriptor.createViewerFilter(FilterDescriptor.java:139)
	at org.eclipse.jdt.ui.actions.CustomFiltersActionGroup$FilterItem.getFilterInstance(CustomFiltersActionGroup.java:187)
	at org.eclipse.jdt.ui.actions.CustomFiltersActionGroup.updateViewerFilters(CustomFiltersActionGroup.java:517)
	at org.eclipse.jdt.ui.actions.CustomFiltersActionGroup.<init>(CustomFiltersActionGroup.java:275)
	at org.eclipse.jdt.ui.actions.CustomFiltersActionGroup.<init>(CustomFiltersActionGroup.java:241)
	at org.eclipse.jdt.internal.ui.packageview.PackageExplorerActionGroup.<init>(PackageExplorerActionGroup.java:149)
	at org.eclipse.jdt.internal.ui.packageview.PackageExplorerPart.makeActions(PackageExplorerPart.java:802)
	at org.eclipse.jdt.internal.ui.packageview.PackageExplorerPart.createPartControl(PackageExplorerPart.java:508)
	at org.eclipse.ui.internal.e4.compatibility.CompatibilityPart.createPartControl(CompatibilityPart.java:153)
	at org.eclipse.ui.internal.e4.compatibility.CompatibilityView.createPartControl(CompatibilityView.java:147)
	at org.eclipse.ui.internal.e4.compatibility.CompatibilityPart.create(CompatibilityPart.java:364)
	at sun.reflect.NativeMethodAccessorImpl.invoke0(Native Method)
	at sun.reflect.NativeMethodAccessorImpl.invoke(Unknown Source)
	at sun.reflect.DelegatingMethodAccessorImpl.invoke(Unknown Source)
	at java.lang.reflect.Method.invoke(Unknown Source)
	at org.eclipse.e4.core.internal.di.MethodRequestor.execute(MethodRequestor.java:55)
	at org.eclipse.e4.core.internal.di.InjectorImpl.processAnnotated(InjectorImpl.java:1005)
	at org.eclipse.e4.core.internal.di.InjectorImpl.processAnnotated(InjectorImpl.java:970)
	at org.eclipse.e4.core.internal.di.InjectorImpl.internalInject(InjectorImpl.java:137)
	at org.eclipse.e4.core.internal.di.InjectorImpl.internalMake(InjectorImpl.java:412)
	at org.eclipse.e4.core.internal.di.InjectorImpl.make(InjectorImpl.java:331)
	at org.eclipse.e4.core.contexts.ContextInjectionFactory.make(ContextInjectionFactory.java:190)
	at org.eclipse.e4.ui.internal.workbench.ReflectionContributionFactory.createFromBundle(ReflectionContributionFactory.java:105)
	at org.eclipse.e4.ui.internal.workbench.ReflectionContributionFactory.doCreate(ReflectionContributionFactory.java:74)
	at org.eclipse.e4.ui.internal.workbench.ReflectionContributionFactory.create(ReflectionContributionFactory.java:56)
	at org.eclipse.e4.ui.workbench.renderers.swt.ContributedPartRenderer.createWidget(ContributedPartRenderer.java:129)
	at org.eclipse.e4.ui.internal.workbench.swt.PartRenderingEngine.createWidget(PartRenderingEngine.java:1012)
	at org.eclipse.e4.ui.internal.workbench.swt.PartRenderingEngine.safeCreateGui(PartRenderingEngine.java:672)
	at org.eclipse.e4.ui.internal.workbench.swt.PartRenderingEngine$1.run(PartRenderingEngine.java:557)
	at org.eclipse.core.runtime.SafeRunner.run(SafeRunner.java:42)
	at org.eclipse.e4.ui.internal.workbench.swt.PartRenderingEngine.createGui(PartRenderingEngine.java:541)
	at org.eclipse.e4.ui.workbench.renderers.swt.ElementReferenceRenderer.createWidget(ElementReferenceRenderer.java:70)
	at org.eclipse.e4.ui.internal.workbench.swt.PartRenderingEngine.createWidget(PartRenderingEngine.java:1012)
	at org.eclipse.e4.ui.internal.workbench.swt.PartRenderingEngine.safeCreateGui(PartRenderingEngine.java:672)
	at org.eclipse.e4.ui.internal.workbench.swt.PartRenderingEngine.safeCreateGui(PartRenderingEngine.java:778)
	at org.eclipse.e4.ui.internal.workbench.swt.PartRenderingEngine.access$0(PartRenderingEngine.java:749)
	at org.eclipse.e4.ui.internal.workbench.swt.PartRenderingEngine$2.run(PartRenderingEngine.java:743)
	at org.eclipse.core.runtime.SafeRunner.run(SafeRunner.java:42)
	at org.eclipse.e4.ui.internal.workbench.swt.PartRenderingEngine.createGui(PartRenderingEngine.java:727)
	at org.eclipse.e4.ui.workbench.renderers.swt.StackRenderer.showTab(StackRenderer.java:1277)
	at org.eclipse.e4.ui.workbench.renderers.swt.LazyStackRenderer.postProcess(LazyStackRenderer.java:102)
	at org.eclipse.e4.ui.internal.workbench.swt.PartRenderingEngine.safeCreateGui(PartRenderingEngine.java:690)
	at org.eclipse.e4.ui.internal.workbench.swt.PartRenderingEngine.safeCreateGui(PartRenderingEngine.java:778)
	at org.eclipse.e4.ui.internal.workbench.swt.PartRenderingEngine.access$0(PartRenderingEngine.java:749)
	at org.eclipse.e4.ui.internal.workbench.swt.PartRenderingEngine$2.run(PartRenderingEngine.java:743)
	at org.eclipse.core.runtime.SafeRunner.run(SafeRunner.java:42)
	at org.eclipse.e4.ui.internal.workbench.swt.PartRenderingEngine.createGui(PartRenderingEngine.java:727)
	at org.eclipse.e4.ui.workbench.renderers.swt.SWTPartRenderer.processContents(SWTPartRenderer.java:70)
	at org.eclipse.e4.ui.workbench.renderers.swt.SashRenderer.processContents(SashRenderer.java:137)
	at org.eclipse.e4.ui.internal.workbench.swt.PartRenderingEngine.safeCreateGui(PartRenderingEngine.java:686)
	at org.eclipse.e4.ui.internal.workbench.swt.PartRenderingEngine.safeCreateGui(PartRenderingEngine.java:778)
	at org.eclipse.e4.ui.internal.workbench.swt.PartRenderingEngine.access$0(PartRenderingEngine.java:749)
	at org.eclipse.e4.ui.internal.workbench.swt.PartRenderingEngine$2.run(PartRenderingEngine.java:743)
	at org.eclipse.core.runtime.SafeRunner.run(SafeRunner.java:42)
	at org.eclipse.e4.ui.internal.workbench.swt.PartRenderingEngine.createGui(PartRenderingEngine.java:727)
	at org.eclipse.e4.ui.workbench.renderers.swt.SWTPartRenderer.processContents(SWTPartRenderer.java:70)
	at org.eclipse.e4.ui.workbench.renderers.swt.SashRenderer.processContents(SashRenderer.java:137)
	at org.eclipse.e4.ui.internal.workbench.swt.PartRenderingEngine.safeCreateGui(PartRenderingEngine.java:686)
	at org.eclipse.e4.ui.internal.workbench.swt.PartRenderingEngine.safeCreateGui(PartRenderingEngine.java:778)
	at org.eclipse.e4.ui.internal.workbench.swt.PartRenderingEngine.access$0(PartRenderingEngine.java:749)
	at org.eclipse.e4.ui.internal.workbench.swt.PartRenderingEngine$2.run(PartRenderingEngine.java:743)
	at org.eclipse.core.runtime.SafeRunner.run(SafeRunner.java:42)
	at org.eclipse.e4.ui.internal.workbench.swt.PartRenderingEngine.createGui(PartRenderingEngine.java:727)
	at org.eclipse.e4.ui.workbench.renderers.swt.SWTPartRenderer.processContents(SWTPartRenderer.java:70)
	at org.eclipse.e4.ui.workbench.renderers.swt.PerspectiveRenderer.processContents(PerspectiveRenderer.java:48)
	at org.eclipse.e4.ui.internal.workbench.swt.PartRenderingEngine.safeCreateGui(PartRenderingEngine.java:686)
	at org.eclipse.e4.ui.internal.workbench.swt.PartRenderingEngine.safeCreateGui(PartRenderingEngine.java:778)
	at org.eclipse.e4.ui.internal.workbench.swt.PartRenderingEngine.access$0(PartRenderingEngine.java:749)
	at org.eclipse.e4.ui.internal.workbench.swt.PartRenderingEngine$2.run(PartRenderingEngine.java:743)
	at org.eclipse.core.runtime.SafeRunner.run(SafeRunner.java:42)
	at org.eclipse.e4.ui.internal.workbench.swt.PartRenderingEngine.createGui(PartRenderingEngine.java:727)
	at org.eclipse.e4.ui.workbench.renderers.swt.PerspectiveStackRenderer.showTab(PerspectiveStackRenderer.java:79)
	at org.eclipse.e4.ui.workbench.renderers.swt.LazyStackRenderer.postProcess(LazyStackRenderer.java:102)
	at org.eclipse.e4.ui.workbench.renderers.swt.PerspectiveStackRenderer.postProcess(PerspectiveStackRenderer.java:61)
	at org.eclipse.e4.ui.internal.workbench.swt.PartRenderingEngine.safeCreateGui(PartRenderingEngine.java:690)
	at org.eclipse.e4.ui.internal.workbench.swt.PartRenderingEngine.safeCreateGui(PartRenderingEngine.java:778)
	at org.eclipse.e4.ui.internal.workbench.swt.PartRenderingEngine.access$0(PartRenderingEngine.java:749)
	at org.eclipse.e4.ui.internal.workbench.swt.PartRenderingEngine$2.run(PartRenderingEngine.java:743)
	at org.eclipse.core.runtime.SafeRunner.run(SafeRunner.java:42)
	at org.eclipse.e4.ui.internal.workbench.swt.PartRenderingEngine.createGui(PartRenderingEngine.java:727)
	at org.eclipse.e4.ui.workbench.renderers.swt.SWTPartRenderer.processContents(SWTPartRenderer.java:70)
	at org.eclipse.e4.ui.workbench.renderers.swt.SashRenderer.processContents(SashRenderer.java:137)
	at org.eclipse.e4.ui.internal.workbench.swt.PartRenderingEngine.safeCreateGui(PartRenderingEngine.java:686)
	at org.eclipse.e4.ui.internal.workbench.swt.PartRenderingEngine.safeCreateGui(PartRenderingEngine.java:778)
	at org.eclipse.e4.ui.internal.workbench.swt.PartRenderingEngine.access$0(PartRenderingEngine.java:749)
	at org.eclipse.e4.ui.internal.workbench.swt.PartRenderingEngine$2.run(PartRenderingEngine.java:743)
	at org.eclipse.core.runtime.SafeRunner.run(SafeRunner.java:42)
	at org.eclipse.e4.ui.internal.workbench.swt.PartRenderingEngine.createGui(PartRenderingEngine.java:727)
	at org.eclipse.e4.ui.workbench.renderers.swt.SWTPartRenderer.processContents(SWTPartRenderer.java:70)
	at org.eclipse.e4.ui.workbench.renderers.swt.WBWRenderer.processContents(WBWRenderer.java:700)
	at org.eclipse.e4.ui.internal.workbench.swt.PartRenderingEngine.safeCreateGui(PartRenderingEngine.java:686)
	at org.eclipse.e4.ui.internal.workbench.swt.PartRenderingEngine.safeCreateGui(PartRenderingEngine.java:778)
	at org.eclipse.e4.ui.internal.workbench.swt.PartRenderingEngine.access$0(PartRenderingEngine.java:749)
	at org.eclipse.e4.ui.internal.workbench.swt.PartRenderingEngine$2.run(PartRenderingEngine.java:743)
	at org.eclipse.core.runtime.SafeRunner.run(SafeRunner.java:42)
	at org.eclipse.e4.ui.internal.workbench.swt.PartRenderingEngine.createGui(PartRenderingEngine.java:727)
	at org.eclipse.e4.ui.internal.workbench.swt.PartRenderingEngine$5.run(PartRenderingEngine.java:1096)
	at org.eclipse.core.databinding.observable.Realm.runWithDefault(Realm.java:336)
	at org.eclipse.e4.ui.internal.workbench.swt.PartRenderingEngine.run(PartRenderingEngine.java:1059)
	at org.eclipse.e4.ui.internal.workbench.E4Workbench.createAndRunUI(E4Workbench.java:153)
	at org.eclipse.ui.internal.Workbench.lambda$3(Workbench.java:667)
	at org.eclipse.core.databinding.observable.Realm.runWithDefault(Realm.java:336)
	at org.eclipse.ui.internal.Workbench.createAndRunWorkbench(Workbench.java:597)
	at org.eclipse.ui.PlatformUI.createAndRunWorkbench(PlatformUI.java:148)
	at org.eclipse.ui.internal.ide.application.IDEApplication.start(IDEApplication.java:152)
	at org.eclipse.equinox.internal.app.EclipseAppHandle.run(EclipseAppHandle.java:196)
	at org.eclipse.core.runtime.internal.adaptor.EclipseAppLauncher.runApplication(EclipseAppLauncher.java:134)
	at org.eclipse.core.runtime.internal.adaptor.EclipseAppLauncher.start(EclipseAppLauncher.java:104)
	at org.eclipse.core.runtime.adaptor.EclipseStarter.run(EclipseStarter.java:388)
	at org.eclipse.core.runtime.adaptor.EclipseStarter.run(EclipseStarter.java:243)
	at sun.reflect.NativeMethodAccessorImpl.invoke0(Native Method)
	at sun.reflect.NativeMethodAccessorImpl.invoke(Unknown Source)
	at sun.reflect.DelegatingMethodAccessorImpl.invoke(Unknown Source)
	at java.lang.reflect.Method.invoke(Unknown Source)
	at org.eclipse.equinox.launcher.Main.invokeFramework(Main.java:656)
	at org.eclipse.equinox.launcher.Main.basicRun(Main.java:592)
	at org.eclipse.equinox.launcher.Main.run(Main.java:1498)
Caused by: com.cedarsoftware.util.io.JsonIoException: EOF reached prematurely
	at com.cedarsoftware.util.io.JsonParser.error(JsonParser.java:584)
	at com.cedarsoftware.util.io.JsonParser.readValue(JsonParser.java:278)
	at com.cedarsoftware.util.io.JsonReader.readObject(JsonReader.java:521)
	... 159 more
2019-01-08 13:02:53,358 ERROR [Worker-5: Workbench early startup] - System.err - Warning: NLS unused message: 

 in: com.microsoft.azuretools.core.utils.messages
2019-01-08 13:02:53,827 ERROR [Worker-5: Workbench early startup] - System.err - Jan 08, 2019 1:02:53 PM java.util.logging.LogManager$RootLogger log
INFO: === Log session started ===
2019-01-08 13:03:06,783 ERROR [DefaultQuickPulseCoordinator] - System.err - log4j:WARN No appenders could be found for logger (com.microsoft.applicationinsights.core.dependencies.http.client.protocol.RequestAddCookies).
2019-01-08 13:03:06,784 ERROR [DefaultQuickPulseCoordinator] - System.err - log4j:WARN Please initialize the log4j system properly.
2019-01-08 13:03:06,784 ERROR [DefaultQuickPulseCoordinator] - System.err - log4j:WARN See http://logging.apache.org/log4j/1.2/faq.html#noconfig for more info.
2019-01-08 13:06:30,725 ERROR [ModalContext] - System.err - SLF4J: Class path contains multiple SLF4J bindings.
2019-01-08 13:06:30,725 ERROR [ModalContext] - System.err - SLF4J: Found binding in [bundleresource://1198.fwk1489870911:25/org/slf4j/impl/StaticLoggerBinder.class]
2019-01-08 13:06:30,725 ERROR [ModalContext] - System.err - SLF4J: Found binding in [bundleresource://1198.fwk1489870911:73/org/slf4j/impl/StaticLoggerBinder.class]
2019-01-08 13:06:30,725 ERROR [ModalContext] - System.err - SLF4J: See http://www.slf4j.org/codes.html#multiple_bindings for an explanation.
2019-01-08 13:06:30,732 ERROR [ModalContext] - System.err - SLF4J: Actual binding is of type [org.slf4j.impl.SimpleLoggerFactory]
2019-01-08 13:07:26,354 ERROR [Worker-28: Web (2.2-2.4) Validator] - System.err - Can't find resource for bundle java.util.PropertyResourceBundle, key ERROR_DUPLICATE_WEB_INF_LIB
2019-01-08 13:07:26,354 ERROR [Worker-28: Web (2.2-2.4) Validator] - System.err - ERROR_DUPLICATE_WEB_INF_LIB
2019-01-08 13:07:26,355 ERROR [Worker-28: Web (2.2-2.4) Validator] - System.err - Can't find resource for bundle java.util.PropertyResourceBundle, key ERROR_DUPLICATE_WEB_INF_LIB
2019-01-08 13:07:26,355 ERROR [Worker-28: Web (2.2-2.4) Validator] - System.err - ERROR_DUPLICATE_WEB_INF_LIB
2019-01-08 13:07:26,355 ERROR [Worker-28: Web (2.2-2.4) Validator] - System.err - Can't find resource for bundle java.util.PropertyResourceBundle, key ERROR_DUPLICATE_WEB_INF_LIB
2019-01-08 13:07:26,355 ERROR [Worker-28: Web (2.2-2.4) Validator] - System.err - ERROR_DUPLICATE_WEB_INF_LIB
2019-01-08 13:07:26,355 ERROR [Worker-28: Web (2.2-2.4) Validator] - System.err - Can't find resource for bundle java.util.PropertyResourceBundle, key ERROR_DUPLICATE_WEB_INF_LIB
2019-01-08 13:07:26,355 ERROR [Worker-28: Web (2.2-2.4) Validator] - System.err - ERROR_DUPLICATE_WEB_INF_LIB
2019-01-08 13:08:18,701 ERROR [ModalContext] - System.err - com.microsoft.azure.CloudException: The provided location 'australiacentral' is not available for resource type 'Microsoft.Web/serverFarms'. List of available regions for the resource type is 'centralus,northeurope,westeurope,southeastasia,koreacentral,koreasouth,westus,eastus,japanwest,japaneast,eastasia,eastus2,northcentralus,southcentralus,brazilsouth,australiaeast,australiasoutheast,westindia,centralindia,southindia,canadacentral,canadaeast,westcentralus,ukwest,uksouth,westus2,msftwestus,msfteastus,msfteastasia,msftnortheurope,eastus2stage,centralusstage,northcentralusstage,francecentral,eastasiastage'.: The provided location 'australiacentral' is not available for resource type 'Microsoft.Web/serverFarms'. List of available regions for the resource type is 'centralus,northeurope,westeurope,southeastasia,koreacentral,koreasouth,westus,eastus,japanwest,japaneast,eastasia,eastus2,northcentralus,southcentralus,brazilsouth,australiaeast,australiasoutheast,westindia,centralindia,southindia,canadacentral,canadaeast,westcentralus,ukwest,uksouth,westus2,msftwestus,msfteastus,msfteastasia,msftnortheurope,eastus2stage,centralusstage,northcentralusstage,francecentral,eastasiastage'.
2019-01-08 13:08:18,702 ERROR [ModalContext] - System.err - at com.microsoft.azure.AzureClient.createExceptionFromResponse(AzureClient.java:740)
2019-01-08 13:08:18,702 ERROR [ModalContext] - System.err - at com.microsoft.azure.AzureClient.access$100(AzureClient.java:33)
2019-01-08 13:08:18,702 ERROR [ModalContext] - System.err - at com.microsoft.azure.AzureClient$3.call(AzureClient.java:160)
2019-01-08 13:08:18,702 ERROR [ModalContext] - System.err - at com.microsoft.azure.AzureClient$3.call(AzureClient.java:157)
2019-01-08 13:08:18,702 ERROR [ModalContext] - System.err - at rx.internal.operators.OnSubscribeMap$MapSubscriber.onNext(OnSubscribeMap.java:69)
2019-01-08 13:08:18,702 ERROR [ModalContext] - System.err - at retrofit2.adapter.rxjava.CallArbiter.deliverResponse(CallArbiter.java:120)
2019-01-08 13:08:18,702 ERROR [ModalContext] - System.err - at retrofit2.adapter.rxjava.CallArbiter.emitResponse(CallArbiter.java:102)
2019-01-08 13:08:18,702 ERROR [ModalContext] - System.err - at retrofit2.adapter.rxjava.CallExecuteOnSubscribe.call(CallExecuteOnSubscribe.java:46)
2019-01-08 13:08:18,702 ERROR [ModalContext] - System.err - at retrofit2.adapter.rxjava.CallExecuteOnSubscribe.call(CallExecuteOnSubscribe.java:24)
2019-01-08 13:08:18,702 ERROR [ModalContext] - System.err - at rx.Observable.unsafeSubscribe(Observable.java:10142)
2019-01-08 13:08:18,702 ERROR [ModalContext] - System.err - at rx.internal.operators.OnSubscribeMap.call(OnSubscribeMap.java:48)
2019-01-08 13:08:18,702 ERROR [ModalContext] - System.err - at rx.internal.operators.OnSubscribeMap.call(OnSubscribeMap.java:33)
2019-01-08 13:08:18,702 ERROR [ModalContext] - System.err - at rx.Observable.unsafeSubscribe(Observable.java:10142)
2019-01-08 13:08:18,702 ERROR [ModalContext] - System.err - at rx.internal.operators.OnSubscribeSingle.call(OnSubscribeSingle.java:81)
2019-01-08 13:08:18,702 ERROR [ModalContext] - System.err - at rx.internal.operators.OnSubscribeSingle.call(OnSubscribeSingle.java:27)
2019-01-08 13:08:18,702 ERROR [ModalContext] - System.err - at rx.internal.operators.SingleToObservable.call(SingleToObservable.java:39)
2019-01-08 13:08:18,702 ERROR [ModalContext] - System.err - at rx.internal.operators.SingleToObservable.call(SingleToObservable.java:27)
2019-01-08 13:08:18,702 ERROR [ModalContext] - System.err - at rx.Observable.unsafeSubscribe(Observable.java:10142)
2019-01-08 13:08:18,702 ERROR [ModalContext] - System.err - at rx.internal.operators.OnSubscribeMap.call(OnSubscribeMap.java:48)
2019-01-08 13:08:18,702 ERROR [ModalContext] - System.err - at rx.internal.operators.OnSubscribeMap.call(OnSubscribeMap.java:33)
2019-01-08 13:08:18,702 ERROR [ModalContext] - System.err - at rx.internal.operators.OnSubscribeLift.call(OnSubscribeLift.java:48)
2019-01-08 13:08:18,702 ERROR [ModalContext] - System.err - at rx.internal.operators.OnSubscribeLift.call(OnSubscribeLift.java:30)
2019-01-08 13:08:18,703 ERROR [ModalContext] - System.err - at rx.Observable.unsafeSubscribe(Observable.java:10142)
2019-01-08 13:08:18,703 ERROR [ModalContext] - System.err - at rx.internal.operators.DeferredScalarSubscriber.subscribeTo(DeferredScalarSubscriber.java:153)
2019-01-08 13:08:18,703 ERROR [ModalContext] - System.err - at rx.internal.operators.OnSubscribeTakeLastOne.call(OnSubscribeTakeLastOne.java:32)
2019-01-08 13:08:18,703 ERROR [ModalContext] - System.err - at rx.internal.operators.OnSubscribeTakeLastOne.call(OnSubscribeTakeLastOne.java:22)
2019-01-08 13:08:18,703 ERROR [ModalContext] - System.err - at rx.internal.operators.OnSubscribeLift.call(OnSubscribeLift.java:48)
2019-01-08 13:08:18,703 ERROR [ModalContext] - System.err - at rx.internal.operators.OnSubscribeLift.call(OnSubscribeLift.java:30)
2019-01-08 13:08:18,703 ERROR [ModalContext] - System.err - at rx.Observable.unsafeSubscribe(Observable.java:10142)
2019-01-08 13:08:18,703 ERROR [ModalContext] - System.err - at rx.internal.operators.OnSubscribeMap.call(OnSubscribeMap.java:48)
2019-01-08 13:08:18,703 ERROR [ModalContext] - System.err - at rx.internal.operators.OnSubscribeMap.call(OnSubscribeMap.java:33)
2019-01-08 13:08:18,703 ERROR [ModalContext] - System.err - at rx.Observable.unsafeSubscribe(Observable.java:10142)
2019-01-08 13:08:18,703 ERROR [ModalContext] - System.err - at rx.internal.operators.OnSubscribeMap.call(OnSubscribeMap.java:48)
2019-01-08 13:08:18,703 ERROR [ModalContext] - System.err - at rx.internal.operators.OnSubscribeMap.call(OnSubscribeMap.java:33)
2019-01-08 13:08:18,703 ERROR [ModalContext] - System.err - at rx.Observable.unsafeSubscribe(Observable.java:10142)
2019-01-08 13:08:18,703 ERROR [ModalContext] - System.err - at rx.internal.operators.OnSubscribeMap.call(OnSubscribeMap.java:48)
2019-01-08 13:08:18,703 ERROR [ModalContext] - System.err - at rx.internal.operators.OnSubscribeMap.call(OnSubscribeMap.java:33)
2019-01-08 13:08:18,703 ERROR [ModalContext] - System.err - at rx.Observable.unsafeSubscribe(Observable.java:10142)
2019-01-08 13:08:18,703 ERROR [ModalContext] - System.err - at rx.internal.operators.OperatorSubscribeOn$1.call(OperatorSubscribeOn.java:94)
2019-01-08 13:08:18,703 ERROR [ModalContext] - System.err - at rx.internal.schedulers.CachedThreadScheduler$EventLoopWorker$1.call(CachedThreadScheduler.java:230)
2019-01-08 13:08:18,703 ERROR [ModalContext] - System.err - at rx.internal.schedulers.ScheduledAction.run(ScheduledAction.java:55)
2019-01-08 13:08:18,703 ERROR [ModalContext] - System.err - at java.util.concurrent.Executors$RunnableAdapter.call(Unknown Source)
2019-01-08 13:08:18,703 ERROR [ModalContext] - System.err - at java.util.concurrent.FutureTask.run(Unknown Source)
2019-01-08 13:08:18,704 ERROR [ModalContext] - System.err - at java.util.concurrent.ScheduledThreadPoolExecutor$ScheduledFutureTask.access$201(Unknown Source)
2019-01-08 13:08:18,704 ERROR [ModalContext] - System.err - at java.util.concurrent.ScheduledThreadPoolExecutor$ScheduledFutureTask.run(Unknown Source)
2019-01-08 13:08:18,704 ERROR [ModalContext] - System.err - at java.util.concurrent.ThreadPoolExecutor.runWorker(Unknown Source)
2019-01-08 13:08:18,704 ERROR [ModalContext] - System.err - at java.util.concurrent.ThreadPoolExecutor$Worker.run(Unknown Source)
2019-01-08 13:08:18,704 ERROR [ModalContext] - System.err - at java.lang.Thread.run(Unknown Source)
2019-01-08 13:08:18,704 ERROR [ModalContext] - System.err - Caused by: rx.exceptions.OnErrorThrowable$OnNextValue: OnError while emitting onNext value: retrofit2.Response.class
2019-01-08 13:08:18,704 ERROR [ModalContext] - System.err - at rx.exceptions.OnErrorThrowable.addValueAsLastCause(OnErrorThrowable.java:118)
2019-01-08 13:08:18,704 ERROR [ModalContext] - System.err - at rx.internal.operators.OnSubscribeMap$MapSubscriber.onNext(OnSubscribeMap.java:73)
2019-01-08 13:08:18,704 ERROR [ModalContext] - System.err - ... 43 more
2019-01-08 13:09:24,530 ERROR [RxIoScheduler-32] - System.err - [RxIoScheduler-32] INFO com.microsoft.azure.management.appservice.WebApps listByResourceGroup - <-- HTTP FAILED: java.io.IOException: unexpected end of stream on okhttp3.Address@f9de3fff
2019-01-08 13:09:24,530 ERROR [RxIoScheduler-31] - System.err - [RxIoScheduler-31] INFO com.microsoft.azure.management.appservice.WebApps listByResourceGroup - <-- HTTP FAILED: java.io.IOException: unexpected end of stream on okhttp3.Address@f9de3fff
